<?xml version="1.0" encoding="UTF-8" ?>
<testsuite failures="0" time="6.857" errors="0" skipped="27" tests="39" name="com.gojek.gofood.jbehave.AcceptanceTestSuite">
  <properties>
    <property name="java.runtime.name" value="Java(TM) SE Runtime Environment"/>
    <property name="sun.boot.library.path" value="C:\Program Files\Java\jdk1.7.0_80\jre\bin"/>
    <property name="java.vm.version" value="24.80-b11"/>
    <property name="java.vm.vendor" value="Oracle Corporation"/>
    <property name="maven.multiModuleProjectDirectory" value="D:\Mata Kuliah\Semester 3\OOP Praktek\gofood"/>
    <property name="java.vendor.url" value="http://java.oracle.com/"/>
    <property name="path.separator" value=";"/>
    <property name="guice.disable.misplaced.annotation.check" value="true"/>
    <property name="java.vm.name" value="Java HotSpot(TM) 64-Bit Server VM"/>
    <property name="file.encoding.pkg" value="sun.io"/>
    <property name="user.script" value=""/>
    <property name="user.country" value="ID"/>
    <property name="sun.java.launcher" value="SUN_STANDARD"/>
    <property name="sun.os.patch.level" value=""/>
    <property name="java.vm.specification.name" value="Java Virtual Machine Specification"/>
    <property name="user.dir" value="D:\Mata Kuliah\Semester 3\OOP Praktek\gofood"/>
    <property name="java.runtime.version" value="1.7.0_80-b15"/>
    <property name="java.awt.graphicsenv" value="sun.awt.Win32GraphicsEnvironment"/>
    <property name="java.endorsed.dirs" value="C:\Program Files\Java\jdk1.7.0_80\jre\lib\endorsed"/>
    <property name="os.arch" value="amd64"/>
    <property name="java.io.tmpdir" value="C:\Users\ACER\AppData\Local\Temp\"/>
    <property name="line.separator" value="
"/>
    <property name="java.vm.specification.vendor" value="Oracle Corporation"/>
    <property name="user.variant" value=""/>
    <property name="os.name" value="Windows 8.1"/>
    <property name="classworlds.conf" value="C:\apache-maven-3.6.2\bin\..\bin\m2.conf"/>
    <property name="sun.jnu.encoding" value="Cp1252"/>
    <property name="java.library.path" value="C:\Program Files\Java\jdk1.7.0_80\bin;C:\WINDOWS\Sun\Java\bin;C:\WINDOWS\system32;C:\WINDOWS;C:/Program Files/Java/jdk-11.0.4/bin/server;C:/Program Files/Java/jdk-11.0.4/bin;C:\oraclexe\app\oracle\product\11.2.0\server\bin;C:\Program Files (x86)\Common Files\Intel\Shared Libraries\redist\intel64\compiler;C:\Program Files (x86)\NVIDIA Corporation\PhysX\Common;C:\WINDOWS\system32;C:\WINDOWS;C:\WINDOWS\System32\Wbem;C:\WINDOWS\System32\WindowsPowerShell\v1.0\;C:\WINDOWS\System32\OpenSSH\;C:\Program Files\Git\cmd;C:\Program Files (x86)\NoteBook FanControl\;C:\apache-maven-3.6.2\bin;C:\Users\ACER\AppData\Local\Microsoft\WindowsApps;C:\Users\ACER\AppData\Local\Programs\Microsoft VS Code\bin;C:\Program Files\Java\jdk-11.0.4;;C:\WINDOWS\System32;;."/>
    <property name="maven.conf" value="C:\apache-maven-3.6.2\bin\../conf"/>
    <property name="java.specification.name" value="Java Platform API Specification"/>
    <property name="java.class.version" value="51.0"/>
    <property name="sun.management.compiler" value="HotSpot 64-Bit Tiered Compilers"/>
    <property name="os.version" value="6.3"/>
    <property name="library.jansi.path" value="C:\apache-maven-3.6.2\bin\..\lib\jansi-native"/>
    <property name="user.home" value="C:\Users\ACER"/>
    <property name="user.timezone" value="Asia/Bangkok"/>
    <property name="java.awt.printerjob" value="sun.awt.windows.WPrinterJob"/>
    <property name="java.specification.version" value="1.7"/>
    <property name="file.encoding" value="Cp1252"/>
    <property name="user.name" value="ACER"/>
    <property name="java.class.path" value="C:\apache-maven-3.6.2\bin\..\boot\plexus-classworlds-2.6.0.jar"/>
    <property name="java.vm.specification.version" value="1.7"/>
    <property name="sun.arch.data.model" value="64"/>
    <property name="java.home" value="C:\Program Files\Java\jdk1.7.0_80\jre"/>
    <property name="sun.java.command" value="org.codehaus.plexus.classworlds.launcher.Launcher verify"/>
    <property name="java.specification.vendor" value="Oracle Corporation"/>
    <property name="user.language" value="en"/>
    <property name="awt.toolkit" value="sun.awt.windows.WToolkit"/>
    <property name="java.vm.info" value="mixed mode"/>
    <property name="java.version" value="1.7.0_80"/>
    <property name="java.ext.dirs" value="C:\Program Files\Java\jdk1.7.0_80\jre\lib\ext;C:\WINDOWS\Sun\Java\lib\ext"/>
    <property name="sun.boot.class.path" value="C:\Program Files\Java\jdk1.7.0_80\jre\lib\resources.jar;C:\Program Files\Java\jdk1.7.0_80\jre\lib\rt.jar;C:\Program Files\Java\jdk1.7.0_80\jre\lib\sunrsasign.jar;C:\Program Files\Java\jdk1.7.0_80\jre\lib\jsse.jar;C:\Program Files\Java\jdk1.7.0_80\jre\lib\jce.jar;C:\Program Files\Java\jdk1.7.0_80\jre\lib\charsets.jar;C:\Program Files\Java\jdk1.7.0_80\jre\lib\jfr.jar;C:\Program Files\Java\jdk1.7.0_80\jre\classes"/>
    <property name="java.vendor" value="Oracle Corporation"/>
    <property name="maven.home" value="C:\apache-maven-3.6.2\bin\.."/>
    <property name="file.separator" value="\"/>
    <property name="java.vendor.url.bug" value="http://bugreport.sun.com/bugreport/"/>
    <property name="sun.cpu.endian" value="little"/>
    <property name="sun.io.unicode.encoding" value="UnicodeLittle"/>
    <property name="sun.desktop" value="windows"/>
    <property name="sun.cpu.isalist" value="amd64"/>
  </properties>
  <testcase time="0.038" classname="java.lang.Object" name="BeforeStories"/>
  <testcase time="0.528" classname="[PENDING] Given a user with no favorited products" name="[PENDING] Given a user with no favorited products">
    <skipped/>
  </testcase>
  <testcase time="0.546" classname="[PENDING] And available products : Paket Geprek Bensu\u002C Whopper" name="[PENDING] And available products : Paket Geprek Bensu\u002C Whopper">
    <skipped/>
  </testcase>
  <testcase time="0.548" classname="[PENDING] When the user favorited Paket Geprek Bensu" name="[PENDING] When the user favorited Paket Geprek Bensu">
    <skipped/>
  </testcase>
  <testcase time="0.551" classname="[PENDING] Then the user should have : Paket Geprek Bensu in their favorited products" name="[PENDING] Then the user should have : Paket Geprek Bensu in their favorited products">
    <skipped/>
  </testcase>
  <testcase time="0.568" classname="Scenario: Favoriting a product" name="Scenario: Favoriting a product"/>
  <testcase time="0.858" classname="makanan_favorite.story" name="makanan_favorite.story"/>
  <testcase time="0.003" classname="[PENDING] Given a list of products : Whopper Meal Medium\u002C Paket Geprek Bensu\u002C Paket McSpicy Smokey BBQ Medium" name="[PENDING] Given a list of products : Whopper Meal Medium\u002C Paket Geprek Bensu\u002C Paket McSpicy Smokey BBQ Medium">
    <skipped/>
  </testcase>
  <testcase time="0.004" classname="[PENDING] When these products are discounted in the same order: 20%\u002C 0%\u002C 40%" name="[PENDING] When these products are discounted in the same order: 20%\u002C 0%\u002C 40%">
    <skipped/>
  </testcase>
  <testcase time="0.006" classname="[PENDING] Then I should be told about the products : Whopper Meal Medium\u002C Paket McSpicy Smokey BBQ Medium" name="[PENDING] Then I should be told about the products : Whopper Meal Medium\u002C Paket McSpicy Smokey BBQ Medium">
    <skipped/>
  </testcase>
  <testcase time="0.013" classname="Scenario: Find products on sale" name="Scenario: Find products on sale"/>
  <testcase time="0.001" classname="[PENDING] Given a list of products on sale : Whopper Meal Medium\u002C Paket Geprek Bensu\u002C Paket McSpicy Smokey BBQ Medium" name="[PENDING] Given a list of products on sale : Whopper Meal Medium\u002C Paket Geprek Bensu\u002C Paket McSpicy Smokey BBQ Medium">
    <skipped/>
  </testcase>
  <testcase time="0.004" classname="[PENDING] When the distances between the product and the customer in the same order are : 0.4\u002C 1.9\u002C 0.8 in kilometers" name="[PENDING] When the distances between the product and the customer in the same order are : 0.4\u002C 1.9\u002C 0.8 in kilometers">
    <skipped/>
  </testcase>
  <testcase time="0.007" classname="[PENDING] Then I should be told about the products from the closest distance to the furthest : Whopper Meal Medium\u002C Paket McSpicy Smokey BBQ Medium\u002C Paket Geprek Bensu" name="[PENDING] Then I should be told about the products from the closest distance to the furthest : Whopper Meal Medium\u002C Paket McSpicy Smokey BBQ Medium\u002C Paket Geprek Bensu">
    <skipped/>
  </testcase>
  <testcase time="0.019" classname="Scenario: Sort products on sale from the closest distance to the furthest" name="Scenario: Sort products on sale from the closest distance to the furthest"/>
  <testcase time="0.004" classname="[PENDING] Given a list of products on sale with the same distance : Whopper Meal Medium\u002C Paket Geprek Bensu\u002C Paket McSpicy Smokey BBQ Medium" name="[PENDING] Given a list of products on sale with the same distance : Whopper Meal Medium\u002C Paket Geprek Bensu\u002C Paket McSpicy Smokey BBQ Medium">
    <skipped/>
  </testcase>
  <testcase time="0.007" classname="[PENDING] When the rates of the products are : 4\u002C 3.9\u002C 4.5 in stars" name="[PENDING] When the rates of the products are : 4\u002C 3.9\u002C 4.5 in stars">
    <skipped/>
  </testcase>
  <testcase time="0.009" classname="[PENDING] Then I should be told about the products in order from the highest rating to the lowest : Paket McSpicy Smokey BBQ Medium\u002C Whopper Meal Medium\u002C Paket Geprek Bensu" name="[PENDING] Then I should be told about the products in order from the highest rating to the lowest : Paket McSpicy Smokey BBQ Medium\u002C Whopper Meal Medium\u002C Paket Geprek Bensu">
    <skipped/>
  </testcase>
  <testcase time="0.027" classname="Scenario: Sort products on sale with the same distance from the highest rate" name="Scenario: Sort products on sale with the same distance from the highest rate"/>
  <testcase time="0.002" classname="[PENDING] Given a list of products on sale with the same distance and rating : Bubble Gum Fizz\u002C Big Mac\u002C Fanta McFloat" name="[PENDING] Given a list of products on sale with the same distance and rating : Bubble Gum Fizz\u002C Big Mac\u002C Fanta McFloat">
    <skipped/>
  </testcase>
  <testcase time="0.002" classname="[PENDING] When the category of products are : Drink\u002C Food\u002C Drink" name="[PENDING] When the category of products are : Drink\u002C Food\u002C Drink">
    <skipped/>
  </testcase>
  <testcase time="0.004" classname="[PENDING] Then I should be told about the products in order from foods to drinks : Big Mac\u002C Bubble Gum Fizz\u002C Fanta McFloat" name="[PENDING] Then I should be told about the products in order from foods to drinks : Big Mac\u002C Bubble Gum Fizz\u002C Fanta McFloat">
    <skipped/>
  </testcase>
  <testcase time="0.012" classname="Scenario: Sort products on sale by category if distance and rating are the same" name="Scenario: Sort products on sale by category if distance and rating are the same"/>
  <testcase time="0.014" classname="mencari_makanan_promo.story" name="mencari_makanan_promo.story"/>
  <testcase time="0.002" classname="[PENDING] Given an empty cart" name="[PENDING] Given an empty cart">
    <skipped/>
  </testcase>
  <testcase time="0.004" classname="[PENDING] And a list of products name : Whopper Meal Medium\u002C Paket Geprek Bensu\u002C Paket McSpicy Smokey BBQ Medium" name="[PENDING] And a list of products name : Whopper Meal Medium\u002C Paket Geprek Bensu\u002C Paket McSpicy Smokey BBQ Medium">
    <skipped/>
  </testcase>
  <testcase time="0.007" classname="[PENDING] And the product\&apos;s merchants in the same order are : Burger King\u002C Geprek Bensu\u002C McDonald\&apos;s" name="[PENDING] And the product\&apos;s merchants in the same order are : Burger King\u002C Geprek Bensu\u002C McDonald\&apos;s">
    <skipped/>
  </testcase>
  <testcase time="0.012" classname="[PENDING] When I add 2 of Whopper Meal Medium to the cart" name="[PENDING] When I add 2 of Whopper Meal Medium to the cart">
    <skipped/>
  </testcase>
  <testcase time="0.012" classname="[PENDING] Then there should be 2 of Whopper Meal Medium inside the cart" name="[PENDING] Then there should be 2 of Whopper Meal Medium inside the cart">
    <skipped/>
  </testcase>
  <testcase time="0.022" classname="Scenario: Adding a product to an empty cart" name="Scenario: Adding a product to an empty cart"/>
  <testcase time="0.002" classname="[PENDING] Given a list of products name : Whopper Meal Medium\u002C Paket Geprek Bensu\u002C Paket McSpicy Smokey BBQ Medium\u002C Fish Fillet" name="[PENDING] Given a list of products name : Whopper Meal Medium\u002C Paket Geprek Bensu\u002C Paket McSpicy Smokey BBQ Medium\u002C Fish Fillet">
    <skipped/>
  </testcase>
  <testcase time="0.005" classname="[PENDING] And the product\&apos;s merchants in the same order are : Burger King\u002C Geprek Bensu\u002C McDonald\&apos;s\u002C Burger King" name="[PENDING] And the product\&apos;s merchants in the same order are : Burger King\u002C Geprek Bensu\u002C McDonald\&apos;s\u002C Burger King">
    <skipped/>
  </testcase>
  <testcase time="0.007" classname="[PENDING] And a cart filled with 2 of Whopper Meal Medium from Burger King" name="[PENDING] And a cart filled with 2 of Whopper Meal Medium from Burger King">
    <skipped/>
  </testcase>
  <testcase time="0.009" classname="[PENDING] When I add 3 of Fish Fillet to the cart" name="[PENDING] When I add 3 of Fish Fillet to the cart">
    <skipped/>
  </testcase>
  <testcase time="0.011" classname="[PENDING] Then there should be 2 of Whopper Meal Medium inside the cart\u200B" name="[PENDING] Then there should be 2 of Whopper Meal Medium inside the cart\u200B">
    <skipped/>
  </testcase>
  <testcase time="0.014" classname="[PENDING] And there should be 3 of Fish Fillet inside the cart" name="[PENDING] And there should be 3 of Fish Fillet inside the cart">
    <skipped/>
  </testcase>
  <testcase time="0.026" classname="Scenario: Adding a product to a cart filled with products from the same merchant" name="Scenario: Adding a product to a cart filled with products from the same merchant"/>
  <testcase time="0.027" classname="add_products_to_cart.story" name="add_products_to_cart.story"/>
  <testcase time="0.001" classname="java.lang.Object" name="AfterStories"/>
</testsuite>